
---------- Results of simulate ----------
True positive results (tp) = 1533251 = 80.35% 
False positive results (fp) = 35088 = 1.84% 
True negative results (tn) = 339980 = 17.82% 
False negative results (fn) = 8 = 0.00% 
Total = 1908327 
-----------------------------------------
Accuracy = 98.16% 
Precision = 97.76% 
Recall = 100.00% 
-----------------------------------------
Time elapsed: 6480.734581s 
-----------------------------------------

---------- Results of basic_utilization_test ----------
True positive results (tp) = 1524892 = 79.91% 
False positive results (fp) = 215873 = 11.31% 
True negative results (tn) = 159195 = 8.34% 
False negative results (fn) = 8367 = 0.44% 
Total = 1908327 
-------------------------------------------------------
Accuracy = 88.25% 
Precision = 87.60% 
Recall = 99.45% 
-------------------------------------------------------
Time elapsed: 5.857924s 
-------------------------------------------------------

---------- Results of rm_utilization_test ----------
True positive results (tp) = 1495837 = 78.38% 
False positive results (fp) = 171349 = 8.98% 
True negative results (tn) = 203719 = 10.68% 
False negative results (fn) = 37422 = 1.96% 
Total = 1908327 
----------------------------------------------------
Accuracy = 89.06% 
Precision = 89.72% 
Recall = 97.56% 
----------------------------------------------------
Time elapsed: 7.044079s 
----------------------------------------------------

---------- Results of hb_utilization_test ----------
True positive results (tp) = 1528318 = 80.09% 
False positive results (fp) = 222269 = 11.65% 
True negative results (tn) = 152799 = 8.01% 
False negative results (fn) = 4941 = 0.26% 
Total = 1908327 
----------------------------------------------------
Accuracy = 88.09% 
Precision = 87.30% 
Recall = 99.68% 
----------------------------------------------------
Time elapsed: 5.115416s 
----------------------------------------------------

---------- Results of rta_audsley ----------
True positive results (tp) = 1533259 = 80.35% 
False positive results (fp) = 118 = 0.01% 
True negative results (tn) = 374950 = 19.65% 
False negative results (fn) = 0 = 0.00% 
Total = 1908327 
--------------------------------------------
Accuracy = 99.99% 
Precision = 99.99% 
Recall = 100.00% 
--------------------------------------------
Time elapsed: 70.224852s 
--------------------------------------------

---------- Results of rta_buttazzo ----------
True positive results (tp) = 1533259 = 80.35% 
False positive results (fp) = 0 = 0.00% 
True negative results (tn) = 375068 = 19.65% 
False negative results (fn) = 0 = 0.00% 
Total = 1908327 
---------------------------------------------
Accuracy = 100.00% 
Precision = 100.00% 
Recall = 100.00% 
---------------------------------------------
Time elapsed: 68.681604s 
---------------------------------------------

---------- Results of rm_workload_test ----------
True positive results (tp) = 1533255 = 80.35% 
False positive results (fp) = 80278 = 4.21% 
True negative results (tn) = 294790 = 15.45% 
False negative results (fn) = 4 = 0.00% 
Total = 1908327 
-------------------------------------------------
Accuracy = 95.79% 
Precision = 95.02% 
Recall = 100.00% 
-------------------------------------------------
Time elapsed: 69.966864s 
-------------------------------------------------

---------- Results of het_workload_test ----------
True positive results (tp) = 1505280 = 78.88% 
False positive results (fp) = 41878 = 2.19% 
True negative results (tn) = 333190 = 17.46% 
False negative results (fn) = 27979 = 1.47% 
Total = 1908327 
--------------------------------------------------
Accuracy = 96.34% 
Precision = 97.29% 
Recall = 98.18% 
--------------------------------------------------
Time elapsed: 67.849597s 
--------------------------------------------------
